-------------------------------------------------------------------------------
Test set: com.test.APiServiceTest
-------------------------------------------------------------------------------
Tests run: 1, Failures: 1, Errors: 0, Skipped: 0, Time elapsed: 0.006 sec <<< FAILURE!
com.test.APiServiceTest.testApi()  Time elapsed: 0.004 sec  <<< FAILURE!
java.lang.NullPointerException: Cannot invoke "com.demo.inject.ApiService.sendEmail(String)" because "this.apiService" is null
	at com.test.APiServiceTest.testApi(APiServiceTest.java:32)

