<?xml version="1.0" encoding="UTF-8" ?>
<testsuite tests="5" failures="5" name="com.test.CaseConverterTest" time="0.052" errors="0" skipped="0">
  <properties>
[...]
</properties>
  <testcase classname="com.test.CaseConverterTest" name="com.test.CaseConverterTest.testConvertCase" time="0.051">
    <failure message="Cannot invoke &quot;com.demo.CaseConverter.convertCase(String)&quot; because &quot;this.c1&quot; is null" type="java.lang.NullPointerException">java.lang.NullPointerException: Cannot invoke &quot;com.demo.CaseConverter.convertCase(String)&quot; because &quot;this.c1&quot; is null
	at com.test.CaseConverterTest.testConvertCase(CaseConverterTest.java:22)
</failure>
  </testcase>
  <testcase classname="com.test.CaseConverterTest" name="com.test.CaseConverterTest.testConvertCase5" time="0.001">
    <failure message="Cannot invoke &quot;com.demo.CaseConverter.convertCase(String)&quot; because &quot;this.c1&quot; is null" type="java.lang.NullPointerException">java.lang.NullPointerException: Cannot invoke &quot;com.demo.CaseConverter.convertCase(String)&quot; because &quot;this.c1&quot; is null
	at com.test.CaseConverterTest.testConvertCase5(CaseConverterTest.java:37)
</failure>
  </testcase>
  <testcase classname="com.test.CaseConverterTest" name="com.test.CaseConverterTest.testConvertCase6" time="0">
    <failure message="Cannot invoke &quot;com.demo.CaseConverter.convertCase(String)&quot; because &quot;this.c1&quot; is null" type="java.lang.NullPointerException">java.lang.NullPointerException: Cannot invoke &quot;com.demo.CaseConverter.convertCase(String)&quot; because &quot;this.c1&quot; is null
	at com.test.CaseConverterTest.testConvertCase6(CaseConverterTest.java:42)
</failure>
  </testcase>
  <testcase classname="com.test.CaseConverterTest" name="com.test.CaseConverterTest.testConvertCase2" time="0">
    <failure message="Cannot invoke &quot;com.demo.CaseConverter.convertCase(String)&quot; because &quot;this.c1&quot; is null" type="java.lang.NullPointerException">java.lang.NullPointerException: Cannot invoke &quot;com.demo.CaseConverter.convertCase(String)&quot; because &quot;this.c1&quot; is null
	at com.test.CaseConverterTest.testConvertCase2(CaseConverterTest.java:27)
</failure>
  </testcase>
  <testcase classname="com.test.CaseConverterTest" name="com.test.CaseConverterTest.testConvertCase3" time="0">
    <failure message="Cannot invoke &quot;com.demo.CaseConverter.convertCase(String)&quot; because &quot;this.c1&quot; is null" type="java.lang.NullPointerException">java.lang.NullPointerException: Cannot invoke &quot;com.demo.CaseConverter.convertCase(String)&quot; because &quot;this.c1&quot; is null
	at com.test.CaseConverterTest.testConvertCase3(CaseConverterTest.java:32)
</failure>
  </testcase>
</testsuite>